[ 2017-06-13T01:35:23+08:00 ] ::1 /
INFO: [ app_init ] --START--
INFO: Run Behavior\BuildLiteBehavior [ RunTime:0.000044s ]
INFO: [ app_init ] --END-- [ RunTime:0.001822s ]
INFO: [ app_begin ] --START--
INFO: Run Behavior\ReadHtmlCacheBehavior [ RunTime:0.002059s ]
INFO: [ app_begin ] --END-- [ RunTime:0.002270s ]
SQL: SHOW COLUMNS FROM `s_webinfo` [ RunTime:0.0014s ]
SQL: SELECT * FROM `s_webinfo`  [ RunTime:0.0004s ]
SQL: SHOW COLUMNS FROM `s_comment` [ RunTime:0.0850s ]
SQL: SELECT COUNT(*) AS tp_count FROM `s_comment` LIMIT 1   [ RunTime:0.0003s ]
SQL: SHOW COLUMNS FROM `s_message` [ RunTime:0.2210s ]
SQL: SELECT COUNT(*) AS tp_count FROM `s_message` LIMIT 1   [ RunTime:0.0006s ]
SQL: SHOW COLUMNS FROM `s_article` [ RunTime:0.0884s ]
SQL: SELECT COUNT(*) AS tp_count FROM `s_article` LIMIT 1   [ RunTime:0.0003s ]
SQL: SHOW COLUMNS FROM `s_frilinks` [ RunTime:0.0473s ]
SQL: SELECT COUNT(*) AS tp_count FROM `s_frilinks` LIMIT 1   [ RunTime:0.0003s ]
NOTIC: [8] Use of undefined constant articleid - assumed 'articleid' D:\wamp64\www\Application\Home\Controller\IndexController.class.php 第 22 行.
SQL: SELECT MAX(articleid) AS tp_max FROM `s_article` LIMIT 1   [ RunTime:0.0456s ]
SQL: SELECT * FROM `s_article` WHERE `articleid` = 1497173364  [ RunTime:0.0005s ]
SQL: SELECT * FROM `s_article` WHERE ( articleid<1497173364 ) ORDER BY articleid desc  [ RunTime:0.0056s ]
SQL: SELECT count(*) AS `num`,`classify` FROM `s_article` GROUP BY classify  [ RunTime:0.0012s ]
INFO: [ view_parse ] --START--
INFO: [ template_filter ] --START--
INFO: Run Behavior\ContentReplaceBehavior [ RunTime:0.000320s ]
INFO: [ template_filter ] --END-- [ RunTime:0.000640s ]
INFO: Run Behavior\ParseTemplateBehavior [ RunTime:0.339000s ]
INFO: [ view_parse ] --END-- [ RunTime:0.339317s ]
INFO: [ view_filter ] --START--
INFO: Run Behavior\WriteHtmlCacheBehavior [ RunTime:0.000632s ]
INFO: [ view_filter ] --END-- [ RunTime:0.000812s ]
INFO: [ app_end ] --START--
INFO: Run Behavior\ShowPageTraceBehavior [ RunTime:0.002667s ]
INFO: [ app_end ] --END-- [ RunTime:0.003238s ]

[ 2017-06-13T01:35:24+08:00 ] ::1 /Uploads/article/cover/kakaxi.jpg
INFO: [ app_init ] --START--
INFO: Run Behavior\BuildLiteBehavior [ RunTime:0.000039s ]
INFO: [ app_init ] --END-- [ RunTime:0.000670s ]

[ 2017-06-13T01:35:24+08:00 ] ::1 /Public/images/favicon.ico
INFO: [ app_init ] --START--
INFO: Run Behavior\BuildLiteBehavior [ RunTime:0.000040s ]
INFO: [ app_init ] --END-- [ RunTime:0.000652s ]

[ 2017-06-13T13:39:41+08:00 ] 127.0.0.1 /
INFO: [ app_init ] --START--
INFO: Run Behavior\BuildLiteBehavior [ RunTime:0.000044s ]
INFO: [ app_init ] --END-- [ RunTime:0.032234s ]
INFO: [ app_begin ] --START--
INFO: Run Behavior\ReadHtmlCacheBehavior [ RunTime:0.048069s ]
INFO: [ app_begin ] --END-- [ RunTime:0.048408s ]
SQL: SHOW COLUMNS FROM `s_webinfo` [ RunTime:0.1259s ]
SQL: SELECT * FROM `s_webinfo`  [ RunTime:0.0008s ]
SQL: SHOW COLUMNS FROM `s_comment` [ RunTime:0.0683s ]
SQL: SELECT COUNT(*) AS tp_count FROM `s_comment` LIMIT 1   [ RunTime:0.0007s ]
SQL: SHOW COLUMNS FROM `s_message` [ RunTime:0.0784s ]
SQL: SELECT COUNT(*) AS tp_count FROM `s_message` LIMIT 1   [ RunTime:0.0005s ]
SQL: SHOW COLUMNS FROM `s_article` [ RunTime:0.1240s ]
SQL: SELECT COUNT(*) AS tp_count FROM `s_article` LIMIT 1   [ RunTime:0.0006s ]
SQL: SHOW COLUMNS FROM `s_frilinks` [ RunTime:0.0547s ]
SQL: SELECT COUNT(*) AS tp_count FROM `s_frilinks` LIMIT 1   [ RunTime:0.0005s ]
NOTIC: [8] Use of undefined constant articleid - assumed 'articleid' D:\wamp64\www\Application\Home\Controller\IndexController.class.php 第 22 行.
SQL: SELECT MAX(articleid) AS tp_max FROM `s_article` LIMIT 1   [ RunTime:0.0473s ]
SQL: SELECT * FROM `s_article` WHERE `articleid` = 1497173364  [ RunTime:0.0009s ]
SQL: SELECT * FROM `s_article` WHERE ( articleid<1497173364 ) ORDER BY articleid desc  [ RunTime:0.0135s ]
SQL: SELECT count(*) AS `num`,`classify` FROM `s_article` GROUP BY classify  [ RunTime:0.0015s ]
INFO: [ view_parse ] --START--
INFO: [ template_filter ] --START--
INFO: Run Behavior\ContentReplaceBehavior [ RunTime:0.000370s ]
INFO: [ template_filter ] --END-- [ RunTime:0.000754s ]
INFO: Run Behavior\ParseTemplateBehavior [ RunTime:0.444165s ]
INFO: [ view_parse ] --END-- [ RunTime:0.444594s ]
INFO: [ view_filter ] --START--
INFO: Run Behavior\WriteHtmlCacheBehavior [ RunTime:0.035933s ]
INFO: [ view_filter ] --END-- [ RunTime:0.036346s ]
INFO: [ app_end ] --START--
INFO: Run Behavior\ShowPageTraceBehavior [ RunTime:0.057505s ]
INFO: [ app_end ] --END-- [ RunTime:0.059346s ]

[ 2017-06-13T13:39:41+08:00 ] 127.0.0.1 /Uploads/article/cover/kakaxi.jpg
INFO: [ app_init ] --START--
INFO: Run Behavior\BuildLiteBehavior [ RunTime:0.000094s ]
INFO: [ app_init ] --END-- [ RunTime:0.001485s ]

[ 2017-06-13T13:39:42+08:00 ] 127.0.0.1 /Public/images/favicon.ico
INFO: [ app_init ] --START--
INFO: Run Behavior\BuildLiteBehavior [ RunTime:0.000112s ]
INFO: [ app_init ] --END-- [ RunTime:0.002278s ]

[ 2017-06-13T13:39:54+08:00 ] 127.0.0.1 /
INFO: [ app_init ] --START--
INFO: Run Behavior\BuildLiteBehavior [ RunTime:0.000047s ]
INFO: [ app_init ] --END-- [ RunTime:0.000783s ]
INFO: [ app_begin ] --START--
INFO: Run Behavior\ReadHtmlCacheBehavior [ RunTime:0.000989s ]
INFO: [ app_begin ] --END-- [ RunTime:0.001216s ]
SQL: SHOW COLUMNS FROM `s_webinfo` [ RunTime:0.0015s ]
SQL: SELECT * FROM `s_webinfo`  [ RunTime:0.0004s ]
SQL: SHOW COLUMNS FROM `s_comment` [ RunTime:0.0009s ]
SQL: SELECT COUNT(*) AS tp_count FROM `s_comment` LIMIT 1   [ RunTime:0.0003s ]
SQL: SHOW COLUMNS FROM `s_message` [ RunTime:0.0009s ]
SQL: SELECT COUNT(*) AS tp_count FROM `s_message` LIMIT 1   [ RunTime:0.0003s ]
SQL: SHOW COLUMNS FROM `s_article` [ RunTime:0.0010s ]
SQL: SELECT COUNT(*) AS tp_count FROM `s_article` LIMIT 1   [ RunTime:0.0003s ]
SQL: SHOW COLUMNS FROM `s_frilinks` [ RunTime:0.0008s ]
SQL: SELECT COUNT(*) AS tp_count FROM `s_frilinks` LIMIT 1   [ RunTime:0.0003s ]
NOTIC: [8] Use of undefined constant articleid - assumed 'articleid' D:\wamp64\www\Application\Home\Controller\IndexController.class.php 第 22 行.
SQL: SELECT MAX(articleid) AS tp_max FROM `s_article` LIMIT 1   [ RunTime:0.0003s ]
SQL: SELECT * FROM `s_article` WHERE `articleid` = 1497173364  [ RunTime:0.0004s ]
SQL: SELECT * FROM `s_article` WHERE ( articleid<1497173364 ) ORDER BY articleid desc  [ RunTime:0.0005s ]
SQL: SELECT count(*) AS `num`,`classify` FROM `s_article` GROUP BY classify  [ RunTime:0.0004s ]
INFO: [ view_parse ] --START--
INFO: [ template_filter ] --START--
INFO: Run Behavior\ContentReplaceBehavior [ RunTime:0.000158s ]
INFO: [ template_filter ] --END-- [ RunTime:0.000344s ]
INFO: Run Behavior\ParseTemplateBehavior [ RunTime:0.098525s ]
INFO: [ view_parse ] --END-- [ RunTime:0.098717s ]
INFO: [ view_filter ] --START--
INFO: Run Behavior\WriteHtmlCacheBehavior [ RunTime:0.000577s ]
INFO: [ view_filter ] --END-- [ RunTime:0.000745s ]
INFO: [ app_end ] --START--
INFO: Run Behavior\ShowPageTraceBehavior [ RunTime:0.001800s ]
INFO: [ app_end ] --END-- [ RunTime:0.002967s ]

[ 2017-06-13T13:39:54+08:00 ] 127.0.0.1 /Uploads/article/cover/kakaxi.jpg
INFO: [ app_init ] --START--
INFO: Run Behavior\BuildLiteBehavior [ RunTime:0.000042s ]
INFO: [ app_init ] --END-- [ RunTime:0.000765s ]

[ 2017-06-13T13:39:54+08:00 ] 127.0.0.1 /Public/images/favicon.ico
INFO: [ app_init ] --START--
INFO: Run Behavior\BuildLiteBehavior [ RunTime:0.000039s ]
INFO: [ app_init ] --END-- [ RunTime:0.000622s ]

[ 2017-06-13T13:39:55+08:00 ] 127.0.0.1 /
INFO: [ app_init ] --START--
INFO: Run Behavior\BuildLiteBehavior [ RunTime:0.000052s ]
INFO: [ app_init ] --END-- [ RunTime:0.001143s ]
INFO: [ app_begin ] --START--
INFO: Run Behavior\ReadHtmlCacheBehavior [ RunTime:0.001075s ]
INFO: [ app_begin ] --END-- [ RunTime:0.001314s ]
SQL: SHOW COLUMNS FROM `s_webinfo` [ RunTime:0.0013s ]
SQL: SELECT * FROM `s_webinfo`  [ RunTime:0.0004s ]
SQL: SHOW COLUMNS FROM `s_comment` [ RunTime:0.0011s ]
SQL: SELECT COUNT(*) AS tp_count FROM `s_comment` LIMIT 1   [ RunTime:0.0003s ]
SQL: SHOW COLUMNS FROM `s_message` [ RunTime:0.0010s ]
SQL: SELECT COUNT(*) AS tp_count FROM `s_message` LIMIT 1   [ RunTime:0.0003s ]
SQL: SHOW COLUMNS FROM `s_article` [ RunTime:0.0010s ]
SQL: SELECT COUNT(*) AS tp_count FROM `s_article` LIMIT 1   [ RunTime:0.0003s ]
SQL: SHOW COLUMNS FROM `s_frilinks` [ RunTime:0.0008s ]
SQL: SELECT COUNT(*) AS tp_count FROM `s_frilinks` LIMIT 1   [ RunTime:0.0002s ]
NOTIC: [8] Use of undefined constant articleid - assumed 'articleid' D:\wamp64\www\Application\Home\Controller\IndexController.class.php 第 22 行.
SQL: SELECT MAX(articleid) AS tp_max FROM `s_article` LIMIT 1   [ RunTime:0.0003s ]
SQL: SELECT * FROM `s_article` WHERE `articleid` = 1497173364  [ RunTime:0.0004s ]
SQL: SELECT * FROM `s_article` WHERE ( articleid<1497173364 ) ORDER BY articleid desc  [ RunTime:0.0005s ]
SQL: SELECT count(*) AS `num`,`classify` FROM `s_article` GROUP BY classify  [ RunTime:0.0004s ]
INFO: [ view_parse ] --START--
INFO: [ template_filter ] --START--
INFO: Run Behavior\ContentReplaceBehavior [ RunTime:0.000155s ]
INFO: [ template_filter ] --END-- [ RunTime:0.000334s ]
INFO: Run Behavior\ParseTemplateBehavior [ RunTime:0.146191s ]
INFO: [ view_parse ] --END-- [ RunTime:0.146404s ]
INFO: [ view_filter ] --START--
INFO: Run Behavior\WriteHtmlCacheBehavior [ RunTime:0.000719s ]
INFO: [ view_filter ] --END-- [ RunTime:0.000928s ]
INFO: [ app_end ] --START--
INFO: Run Behavior\ShowPageTraceBehavior [ RunTime:0.001012s ]
INFO: [ app_end ] --END-- [ RunTime:0.001237s ]

[ 2017-06-13T13:39:55+08:00 ] 127.0.0.1 /
INFO: [ app_init ] --START--
INFO: Run Behavior\BuildLiteBehavior [ RunTime:0.000048s ]
INFO: [ app_init ] --END-- [ RunTime:0.000752s ]
INFO: [ app_begin ] --START--
INFO: Run Behavior\ReadHtmlCacheBehavior [ RunTime:0.000813s ]
INFO: [ app_begin ] --END-- [ RunTime:0.001046s ]
SQL: SHOW COLUMNS FROM `s_webinfo` [ RunTime:0.0012s ]
SQL: SELECT * FROM `s_webinfo`  [ RunTime:0.0004s ]
SQL: SHOW COLUMNS FROM `s_comment` [ RunTime:0.0010s ]
SQL: SELECT COUNT(*) AS tp_count FROM `s_comment` LIMIT 1   [ RunTime:0.0003s ]
SQL: SHOW COLUMNS FROM `s_message` [ RunTime:0.0013s ]
SQL: SELECT COUNT(*) AS tp_count FROM `s_message` LIMIT 1   [ RunTime:0.0004s ]
SQL: SHOW COLUMNS FROM `s_article` [ RunTime:0.0012s ]
SQL: SELECT COUNT(*) AS tp_count FROM `s_article` LIMIT 1   [ RunTime:0.0003s ]
SQL: SHOW COLUMNS FROM `s_frilinks` [ RunTime:0.0010s ]
SQL: SELECT COUNT(*) AS tp_count FROM `s_frilinks` LIMIT 1   [ RunTime:0.0003s ]
NOTIC: [8] Use of undefined constant articleid - assumed 'articleid' D:\wamp64\www\Application\Home\Controller\IndexController.class.php 第 22 行.
SQL: SELECT MAX(articleid) AS tp_max FROM `s_article` LIMIT 1   [ RunTime:0.0004s ]
SQL: SELECT * FROM `s_article` WHERE `articleid` = 1497173364  [ RunTime:0.0004s ]
SQL: SELECT * FROM `s_article` WHERE ( articleid<1497173364 ) ORDER BY articleid desc  [ RunTime:0.0007s ]
SQL: SELECT count(*) AS `num`,`classify` FROM `s_article` GROUP BY classify  [ RunTime:0.0005s ]
INFO: [ view_parse ] --START--
INFO: [ template_filter ] --START--
INFO: Run Behavior\ContentReplaceBehavior [ RunTime:0.000193s ]
INFO: [ template_filter ] --END-- [ RunTime:0.000430s ]
INFO: Run Behavior\ParseTemplateBehavior [ RunTime:0.196632s ]
INFO: [ view_parse ] --END-- [ RunTime:0.196986s ]
INFO: [ view_filter ] --START--
INFO: Run Behavior\WriteHtmlCacheBehavior [ RunTime:0.001308s ]
INFO: [ view_filter ] --END-- [ RunTime:0.001671s ]
INFO: [ app_end ] --START--
INFO: Run Behavior\ShowPageTraceBehavior [ RunTime:0.001738s ]
INFO: [ app_end ] --END-- [ RunTime:0.002125s ]

[ 2017-06-13T13:39:55+08:00 ] 127.0.0.1 /
INFO: [ app_init ] --START--
INFO: Run Behavior\BuildLiteBehavior [ RunTime:0.000055s ]
INFO: [ app_init ] --END-- [ RunTime:0.001269s ]
INFO: [ app_begin ] --START--
INFO: Run Behavior\ReadHtmlCacheBehavior [ RunTime:0.001040s ]
INFO: [ app_begin ] --END-- [ RunTime:0.001289s ]
SQL: SHOW COLUMNS FROM `s_webinfo` [ RunTime:0.0020s ]
SQL: SELECT * FROM `s_webinfo`  [ RunTime:0.0006s ]
SQL: SHOW COLUMNS FROM `s_comment` [ RunTime:0.0022s ]
SQL: SELECT COUNT(*) AS tp_count FROM `s_comment` LIMIT 1   [ RunTime:0.0005s ]
SQL: SHOW COLUMNS FROM `s_message` [ RunTime:0.0017s ]
SQL: SELECT COUNT(*) AS tp_count FROM `s_message` LIMIT 1   [ RunTime:0.0005s ]
SQL: SHOW COLUMNS FROM `s_article` [ RunTime:0.0020s ]
SQL: SELECT COUNT(*) AS tp_count FROM `s_article` LIMIT 1   [ RunTime:0.0006s ]
SQL: SHOW COLUMNS FROM `s_frilinks` [ RunTime:0.0016s ]
SQL: SELECT COUNT(*) AS tp_count FROM `s_frilinks` LIMIT 1   [ RunTime:0.0006s ]
NOTIC: [8] Use of undefined constant articleid - assumed 'articleid' D:\wamp64\www\Application\Home\Controller\IndexController.class.php 第 22 行.
SQL: SELECT MAX(articleid) AS tp_max FROM `s_article` LIMIT 1   [ RunTime:0.0009s ]
SQL: SELECT * FROM `s_article` WHERE `articleid` = 1497173364  [ RunTime:0.0008s ]
SQL: SELECT * FROM `s_article` WHERE ( articleid<1497173364 ) ORDER BY articleid desc  [ RunTime:0.0010s ]
SQL: SELECT count(*) AS `num`,`classify` FROM `s_article` GROUP BY classify  [ RunTime:0.0008s ]
INFO: [ view_parse ] --START--
INFO: [ template_filter ] --START--
INFO: Run Behavior\ContentReplaceBehavior [ RunTime:0.000332s ]
INFO: [ template_filter ] --END-- [ RunTime:0.000715s ]
INFO: Run Behavior\ParseTemplateBehavior [ RunTime:0.180881s ]
INFO: [ view_parse ] --END-- [ RunTime:0.181191s ]
INFO: [ view_filter ] --START--
INFO: Run Behavior\WriteHtmlCacheBehavior [ RunTime:0.000643s ]
INFO: [ view_filter ] --END-- [ RunTime:0.000848s ]
INFO: [ app_end ] --START--
INFO: Run Behavior\ShowPageTraceBehavior [ RunTime:0.001269s ]
INFO: [ app_end ] --END-- [ RunTime:0.002029s ]

[ 2017-06-13T13:39:56+08:00 ] 127.0.0.1 /Uploads/article/cover/kakaxi.jpg
INFO: [ app_init ] --START--
INFO: Run Behavior\BuildLiteBehavior [ RunTime:0.000076s ]
INFO: [ app_init ] --END-- [ RunTime:0.001231s ]

[ 2017-06-13T13:39:56+08:00 ] 127.0.0.1 /Public/images/favicon.ico
INFO: [ app_init ] --START--
INFO: Run Behavior\BuildLiteBehavior [ RunTime:0.000066s ]
INFO: [ app_init ] --END-- [ RunTime:0.001064s ]

[ 2017-06-13T13:40:00+08:00 ] 127.0.0.1 /index.php/Home/Article/articlelist.html
INFO: [ app_init ] --START--
INFO: Run Behavior\BuildLiteBehavior [ RunTime:0.000041s ]
INFO: [ app_init ] --END-- [ RunTime:0.000742s ]
INFO: [ app_begin ] --START--
INFO: Run Behavior\ReadHtmlCacheBehavior [ RunTime:0.000737s ]
INFO: [ app_begin ] --END-- [ RunTime:0.000984s ]
SQL: SHOW COLUMNS FROM `s_webinfo` [ RunTime:0.0011s ]
SQL: SELECT * FROM `s_webinfo`  [ RunTime:0.0003s ]
SQL: SHOW COLUMNS FROM `s_comment` [ RunTime:0.0009s ]
SQL: SELECT COUNT(*) AS tp_count FROM `s_comment` LIMIT 1   [ RunTime:0.0003s ]
SQL: SHOW COLUMNS FROM `s_message` [ RunTime:0.0008s ]
SQL: SELECT COUNT(*) AS tp_count FROM `s_message` LIMIT 1   [ RunTime:0.0003s ]
SQL: SHOW COLUMNS FROM `s_article` [ RunTime:0.0010s ]
SQL: SELECT COUNT(*) AS tp_count FROM `s_article` LIMIT 1   [ RunTime:0.0003s ]
SQL: SHOW COLUMNS FROM `s_frilinks` [ RunTime:0.0007s ]
SQL: SELECT COUNT(*) AS tp_count FROM `s_frilinks` LIMIT 1   [ RunTime:0.0002s ]
SQL: SELECT count(*) AS `num`,`classify` FROM `s_article` GROUP BY classify  [ RunTime:0.0005s ]
SQL: SHOW COLUMNS FROM `s_article` [ RunTime:0.0007s ]
SQL: SELECT * FROM `s_article`  [ RunTime:0.0004s ]
INFO: [ view_parse ] --START--
INFO: [ template_filter ] --START--
INFO: Run Behavior\ContentReplaceBehavior [ RunTime:0.000363s ]
INFO: [ template_filter ] --END-- [ RunTime:0.000767s ]
INFO: Run Behavior\ParseTemplateBehavior [ RunTime:0.232246s ]
INFO: [ view_parse ] --END-- [ RunTime:0.232511s ]
INFO: [ view_filter ] --START--
INFO: Run Behavior\WriteHtmlCacheBehavior [ RunTime:0.000562s ]
INFO: [ view_filter ] --END-- [ RunTime:0.000800s ]
INFO: [ app_end ] --START--
INFO: Run Behavior\ShowPageTraceBehavior [ RunTime:0.001110s ]
INFO: [ app_end ] --END-- [ RunTime:0.001473s ]

[ 2017-06-13T13:40:00+08:00 ] 127.0.0.1 /Uploads/article/cover/kakaxi.jpg
INFO: [ app_init ] --START--
INFO: Run Behavior\BuildLiteBehavior [ RunTime:0.000039s ]
INFO: [ app_init ] --END-- [ RunTime:0.000630s ]

[ 2017-06-13T13:40:02+08:00 ] 127.0.0.1 /index.php/Home/Message/message.html
INFO: [ app_init ] --START--
INFO: Run Behavior\BuildLiteBehavior [ RunTime:0.000038s ]
INFO: [ app_init ] --END-- [ RunTime:0.000637s ]
INFO: [ app_begin ] --START--
INFO: Run Behavior\ReadHtmlCacheBehavior [ RunTime:0.000891s ]
INFO: [ app_begin ] --END-- [ RunTime:0.001089s ]
SQL: SHOW COLUMNS FROM `s_webinfo` [ RunTime:0.0011s ]
SQL: SELECT * FROM `s_webinfo`  [ RunTime:0.0003s ]
SQL: SHOW COLUMNS FROM `s_comment` [ RunTime:0.0012s ]
SQL: SELECT COUNT(*) AS tp_count FROM `s_comment` LIMIT 1   [ RunTime:0.0003s ]
SQL: SHOW COLUMNS FROM `s_message` [ RunTime:0.0009s ]
SQL: SELECT COUNT(*) AS tp_count FROM `s_message` LIMIT 1   [ RunTime:0.0003s ]
SQL: SHOW COLUMNS FROM `s_article` [ RunTime:0.0009s ]
SQL: SELECT COUNT(*) AS tp_count FROM `s_article` LIMIT 1   [ RunTime:0.0003s ]
SQL: SHOW COLUMNS FROM `s_frilinks` [ RunTime:0.0010s ]
SQL: SELECT COUNT(*) AS tp_count FROM `s_frilinks` LIMIT 1   [ RunTime:0.0002s ]
SQL: SHOW COLUMNS FROM `s_message` [ RunTime:0.0007s ]
SQL: SELECT * FROM `s_message` ORDER BY mid desc,mtime  [ RunTime:0.0005s ]
INFO: [ view_parse ] --START--
INFO: [ template_filter ] --START--
INFO: Run Behavior\ContentReplaceBehavior [ RunTime:0.000184s ]
INFO: [ template_filter ] --END-- [ RunTime:0.000371s ]
INFO: Run Behavior\ParseTemplateBehavior [ RunTime:0.116796s ]
INFO: [ view_parse ] --END-- [ RunTime:0.117072s ]
INFO: [ view_filter ] --START--
INFO: Run Behavior\WriteHtmlCacheBehavior [ RunTime:0.000655s ]
INFO: [ view_filter ] --END-- [ RunTime:0.000860s ]
INFO: [ app_end ] --START--
INFO: Run Behavior\ShowPageTraceBehavior [ RunTime:0.001245s ]
INFO: [ app_end ] --END-- [ RunTime:0.001496s ]

[ 2017-06-13T15:10:17+08:00 ] ::1 /
INFO: [ app_init ] --START--
INFO: Run Behavior\BuildLiteBehavior [ RunTime:0.000071s ]
INFO: [ app_init ] --END-- [ RunTime:0.020564s ]
INFO: [ app_begin ] --START--
INFO: Run Behavior\ReadHtmlCacheBehavior [ RunTime:0.029010s ]
INFO: [ app_begin ] --END-- [ RunTime:0.029504s ]
SQL: SHOW COLUMNS FROM `s_webinfo` [ RunTime:0.0158s ]
SQL: SELECT * FROM `s_webinfo`  [ RunTime:0.0005s ]
SQL: SHOW COLUMNS FROM `s_comment` [ RunTime:0.0011s ]
SQL: SELECT COUNT(*) AS tp_count FROM `s_comment` LIMIT 1   [ RunTime:0.0003s ]
SQL: SHOW COLUMNS FROM `s_message` [ RunTime:0.0014s ]
SQL: SELECT COUNT(*) AS tp_count FROM `s_message` LIMIT 1   [ RunTime:0.0003s ]
SQL: SHOW COLUMNS FROM `s_article` [ RunTime:0.0011s ]
SQL: SELECT COUNT(*) AS tp_count FROM `s_article` LIMIT 1   [ RunTime:0.0003s ]
SQL: SHOW COLUMNS FROM `s_frilinks` [ RunTime:0.0013s ]
SQL: SELECT COUNT(*) AS tp_count FROM `s_frilinks` LIMIT 1   [ RunTime:0.0004s ]
NOTIC: [8] Use of undefined constant articleid - assumed 'articleid' D:\wamp64\www\Application\Home\Controller\IndexController.class.php 第 22 行.
SQL: SELECT MAX(articleid) AS tp_max FROM `s_article` LIMIT 1   [ RunTime:0.0004s ]
SQL: SELECT * FROM `s_article` WHERE `articleid` = 1497173364  [ RunTime:0.0004s ]
SQL: SELECT * FROM `s_article` WHERE ( articleid<1497173364 ) ORDER BY articleid desc  [ RunTime:0.0006s ]
SQL: SELECT count(*) AS `num`,`classify` FROM `s_article` GROUP BY classify  [ RunTime:0.0004s ]
INFO: [ view_parse ] --START--
INFO: [ template_filter ] --START--
INFO: Run Behavior\ContentReplaceBehavior [ RunTime:0.000166s ]
INFO: [ template_filter ] --END-- [ RunTime:0.000358s ]
INFO: Run Behavior\ParseTemplateBehavior [ RunTime:0.477969s ]
INFO: [ view_parse ] --END-- [ RunTime:0.478187s ]
INFO: [ view_filter ] --START--
INFO: Run Behavior\WriteHtmlCacheBehavior [ RunTime:0.037242s ]
INFO: [ view_filter ] --END-- [ RunTime:0.037545s ]
INFO: [ app_end ] --START--
INFO: Run Behavior\ShowPageTraceBehavior [ RunTime:0.037706s ]
INFO: [ app_end ] --END-- [ RunTime:0.038336s ]

[ 2017-06-13T15:10:18+08:00 ] ::1 /Uploads/article/cover/kakaxi.jpg
INFO: [ app_init ] --START--
INFO: Run Behavior\BuildLiteBehavior [ RunTime:0.000041s ]
INFO: [ app_init ] --END-- [ RunTime:0.000715s ]

[ 2017-06-13T15:10:19+08:00 ] ::1 /Public/images/favicon.ico
INFO: [ app_init ] --START--
INFO: Run Behavior\BuildLiteBehavior [ RunTime:0.000066s ]
INFO: [ app_init ] --END-- [ RunTime:0.000930s ]

[ 2017-06-13T15:45:49+08:00 ] 127.0.0.1 /
INFO: [ app_init ] --START--
INFO: Run Behavior\BuildLiteBehavior [ RunTime:0.000045s ]
INFO: [ app_init ] --END-- [ RunTime:0.001914s ]
INFO: [ app_begin ] --START--
INFO: Run Behavior\ReadHtmlCacheBehavior [ RunTime:0.002495s ]
INFO: [ app_begin ] --END-- [ RunTime:0.002702s ]
SQL: SHOW COLUMNS FROM `s_webinfo` [ RunTime:0.0020s ]
SQL: SELECT * FROM `s_webinfo`  [ RunTime:0.0013s ]
SQL: SHOW COLUMNS FROM `s_comment` [ RunTime:0.0123s ]
SQL: SELECT COUNT(*) AS tp_count FROM `s_comment` LIMIT 1   [ RunTime:0.0003s ]
SQL: SHOW COLUMNS FROM `s_message` [ RunTime:0.0010s ]
SQL: SELECT COUNT(*) AS tp_count FROM `s_message` LIMIT 1   [ RunTime:0.0004s ]
SQL: SHOW COLUMNS FROM `s_article` [ RunTime:0.0015s ]
SQL: SELECT COUNT(*) AS tp_count FROM `s_article` LIMIT 1   [ RunTime:0.0003s ]
SQL: SHOW COLUMNS FROM `s_frilinks` [ RunTime:0.0009s ]
SQL: SELECT COUNT(*) AS tp_count FROM `s_frilinks` LIMIT 1   [ RunTime:0.0003s ]
NOTIC: [8] Use of undefined constant articleid - assumed 'articleid' D:\wamp64\www\Application\Home\Controller\IndexController.class.php 第 22 行.
SQL: SELECT MAX(articleid) AS tp_max FROM `s_article` LIMIT 1   [ RunTime:0.0005s ]
SQL: SELECT * FROM `s_article` WHERE `articleid` = 1497173364  [ RunTime:0.0004s ]
SQL: SELECT * FROM `s_article` WHERE ( articleid<1497173364 ) ORDER BY articleid desc  [ RunTime:0.0005s ]
SQL: SELECT count(*) AS `num`,`classify` FROM `s_article` GROUP BY classify  [ RunTime:0.0004s ]
INFO: [ view_parse ] --START--
INFO: [ template_filter ] --START--
INFO: Run Behavior\ContentReplaceBehavior [ RunTime:0.000281s ]
INFO: [ template_filter ] --END-- [ RunTime:0.000581s ]
INFO: Run Behavior\ParseTemplateBehavior [ RunTime:0.560178s ]
INFO: [ view_parse ] --END-- [ RunTime:0.560386s ]
INFO: [ view_filter ] --START--
INFO: Run Behavior\WriteHtmlCacheBehavior [ RunTime:0.042532s ]
INFO: [ view_filter ] --END-- [ RunTime:0.042726s ]
INFO: [ app_end ] --START--
INFO: Run Behavior\ShowPageTraceBehavior [ RunTime:0.020442s ]
INFO: [ app_end ] --END-- [ RunTime:0.020755s ]

[ 2017-06-13T15:45:55+08:00 ] 127.0.0.1 /Uploads/article/cover/kakaxi.jpg
INFO: [ app_init ] --START--
INFO: Run Behavior\BuildLiteBehavior [ RunTime:0.000039s ]
INFO: [ app_init ] --END-- [ RunTime:0.000731s ]

[ 2017-06-13T15:46:19+08:00 ] 127.0.0.1 /Public/images/favicon.ico
INFO: [ app_init ] --START--
INFO: Run Behavior\BuildLiteBehavior [ RunTime:0.000040s ]
INFO: [ app_init ] --END-- [ RunTime:0.000726s ]

[ 2017-06-13T15:47:27+08:00 ] 127.0.0.1 /
INFO: [ app_init ] --START--
INFO: Run Behavior\BuildLiteBehavior [ RunTime:0.000040s ]
INFO: [ app_init ] --END-- [ RunTime:0.000632s ]
INFO: [ app_begin ] --START--
INFO: Run Behavior\ReadHtmlCacheBehavior [ RunTime:0.000789s ]
INFO: [ app_begin ] --END-- [ RunTime:0.001015s ]
SQL: SHOW COLUMNS FROM `s_webinfo` [ RunTime:0.0012s ]
SQL: SELECT * FROM `s_webinfo`  [ RunTime:0.0003s ]
SQL: SHOW COLUMNS FROM `s_comment` [ RunTime:0.0009s ]
SQL: SELECT COUNT(*) AS tp_count FROM `s_comment` LIMIT 1   [ RunTime:0.0003s ]
SQL: SHOW COLUMNS FROM `s_message` [ RunTime:0.0010s ]
SQL: SELECT COUNT(*) AS tp_count FROM `s_message` LIMIT 1   [ RunTime:0.0003s ]
SQL: SHOW COLUMNS FROM `s_article` [ RunTime:0.0015s ]
SQL: SELECT COUNT(*) AS tp_count FROM `s_article` LIMIT 1   [ RunTime:0.0007s ]
SQL: SHOW COLUMNS FROM `s_frilinks` [ RunTime:0.0010s ]
SQL: SELECT COUNT(*) AS tp_count FROM `s_frilinks` LIMIT 1   [ RunTime:0.0003s ]
NOTIC: [8] Use of undefined constant articleid - assumed 'articleid' D:\wamp64\www\Application\Home\Controller\IndexController.class.php 第 22 行.
SQL: SELECT MAX(articleid) AS tp_max FROM `s_article` LIMIT 1   [ RunTime:0.0004s ]
SQL: SELECT * FROM `s_article` WHERE `articleid` = 1497173364  [ RunTime:0.0004s ]
SQL: SELECT * FROM `s_article` WHERE ( articleid<1497173364 ) ORDER BY articleid desc  [ RunTime:0.0006s ]
SQL: SELECT count(*) AS `num`,`classify` FROM `s_article` GROUP BY classify  [ RunTime:0.0005s ]
INFO: [ view_parse ] --START--
INFO: [ template_filter ] --START--
INFO: Run Behavior\ContentReplaceBehavior [ RunTime:0.000287s ]
INFO: [ template_filter ] --END-- [ RunTime:0.000573s ]
INFO: Run Behavior\ParseTemplateBehavior [ RunTime:0.127937s ]
INFO: [ view_parse ] --END-- [ RunTime:0.128133s ]
INFO: [ view_filter ] --START--
INFO: Run Behavior\WriteHtmlCacheBehavior [ RunTime:0.000630s ]
INFO: [ view_filter ] --END-- [ RunTime:0.000808s ]
INFO: [ app_end ] --START--
INFO: Run Behavior\ShowPageTraceBehavior [ RunTime:0.001795s ]
INFO: [ app_end ] --END-- [ RunTime:0.002152s ]

[ 2017-06-13T15:47:27+08:00 ] 127.0.0.1 /Uploads/article/cover/kakaxi.jpg
INFO: [ app_init ] --START--
INFO: Run Behavior\BuildLiteBehavior [ RunTime:0.000044s ]
INFO: [ app_init ] --END-- [ RunTime:0.000666s ]

[ 2017-06-13T15:47:45+08:00 ] 127.0.0.1 /index.php/Home/Article/articlelist.html
INFO: [ app_init ] --START--
INFO: Run Behavior\BuildLiteBehavior [ RunTime:0.000040s ]
INFO: [ app_init ] --END-- [ RunTime:0.000627s ]
INFO: [ app_begin ] --START--
INFO: Run Behavior\ReadHtmlCacheBehavior [ RunTime:0.000679s ]
INFO: [ app_begin ] --END-- [ RunTime:0.000866s ]
SQL: SHOW COLUMNS FROM `s_webinfo` [ RunTime:0.0010s ]
SQL: SELECT * FROM `s_webinfo`  [ RunTime:0.0003s ]
SQL: SHOW COLUMNS FROM `s_comment` [ RunTime:0.0009s ]
SQL: SELECT COUNT(*) AS tp_count FROM `s_comment` LIMIT 1   [ RunTime:0.0003s ]
SQL: SHOW COLUMNS FROM `s_message` [ RunTime:0.0010s ]
SQL: SELECT COUNT(*) AS tp_count FROM `s_message` LIMIT 1   [ RunTime:0.0003s ]
SQL: SHOW COLUMNS FROM `s_article` [ RunTime:0.0009s ]
SQL: SELECT COUNT(*) AS tp_count FROM `s_article` LIMIT 1   [ RunTime:0.0003s ]
SQL: SHOW COLUMNS FROM `s_frilinks` [ RunTime:0.0014s ]
SQL: SELECT COUNT(*) AS tp_count FROM `s_frilinks` LIMIT 1   [ RunTime:0.0003s ]
SQL: SELECT count(*) AS `num`,`classify` FROM `s_article` GROUP BY classify  [ RunTime:0.0005s ]
SQL: SHOW COLUMNS FROM `s_article` [ RunTime:0.0009s ]
SQL: SELECT * FROM `s_article`  [ RunTime:0.0005s ]
INFO: [ view_parse ] --START--
INFO: [ template_filter ] --START--
INFO: Run Behavior\ContentReplaceBehavior [ RunTime:0.000190s ]
INFO: [ template_filter ] --END-- [ RunTime:0.000379s ]
INFO: Run Behavior\ParseTemplateBehavior [ RunTime:0.106499s ]
INFO: [ view_parse ] --END-- [ RunTime:0.106740s ]
INFO: [ view_filter ] --START--
INFO: Run Behavior\WriteHtmlCacheBehavior [ RunTime:0.000485s ]
INFO: [ view_filter ] --END-- [ RunTime:0.000657s ]
INFO: [ app_end ] --START--
INFO: Run Behavior\ShowPageTraceBehavior [ RunTime:0.001563s ]
INFO: [ app_end ] --END-- [ RunTime:0.001909s ]

[ 2017-06-13T15:47:45+08:00 ] 127.0.0.1 /Uploads/article/cover/kakaxi.jpg
INFO: [ app_init ] --START--
INFO: Run Behavior\BuildLiteBehavior [ RunTime:0.000069s ]
INFO: [ app_init ] --END-- [ RunTime:0.001024s ]

[ 2017-06-13T15:47:47+08:00 ] 127.0.0.1 /index.php/Home/Message/message.html
INFO: [ app_init ] --START--
INFO: Run Behavior\BuildLiteBehavior [ RunTime:0.000040s ]
INFO: [ app_init ] --END-- [ RunTime:0.000602s ]
INFO: [ app_begin ] --START--
INFO: Run Behavior\ReadHtmlCacheBehavior [ RunTime:0.000692s ]
INFO: [ app_begin ] --END-- [ RunTime:0.000900s ]
SQL: SHOW COLUMNS FROM `s_webinfo` [ RunTime:0.0010s ]
SQL: SELECT * FROM `s_webinfo`  [ RunTime:0.0003s ]
SQL: SHOW COLUMNS FROM `s_comment` [ RunTime:0.0009s ]
SQL: SELECT COUNT(*) AS tp_count FROM `s_comment` LIMIT 1   [ RunTime:0.0003s ]
SQL: SHOW COLUMNS FROM `s_message` [ RunTime:0.0014s ]
SQL: SELECT COUNT(*) AS tp_count FROM `s_message` LIMIT 1   [ RunTime:0.0003s ]
SQL: SHOW COLUMNS FROM `s_article` [ RunTime:0.0010s ]
SQL: SELECT COUNT(*) AS tp_count FROM `s_article` LIMIT 1   [ RunTime:0.0003s ]
SQL: SHOW COLUMNS FROM `s_frilinks` [ RunTime:0.0010s ]
SQL: SELECT COUNT(*) AS tp_count FROM `s_frilinks` LIMIT 1   [ RunTime:0.0003s ]
SQL: SHOW COLUMNS FROM `s_message` [ RunTime:0.0007s ]
SQL: SELECT * FROM `s_message` ORDER BY mid desc,mtime  [ RunTime:0.0005s ]
INFO: [ view_parse ] --START--
INFO: [ template_filter ] --START--
INFO: Run Behavior\ContentReplaceBehavior [ RunTime:0.000277s ]
INFO: [ template_filter ] --END-- [ RunTime:0.000653s ]
INFO: Run Behavior\ParseTemplateBehavior [ RunTime:0.115229s ]
INFO: [ view_parse ] --END-- [ RunTime:0.115468s ]
INFO: [ view_filter ] --START--
INFO: Run Behavior\WriteHtmlCacheBehavior [ RunTime:0.000799s ]
INFO: [ view_filter ] --END-- [ RunTime:0.001037s ]
INFO: [ app_end ] --START--
INFO: Run Behavior\ShowPageTraceBehavior [ RunTime:0.001242s ]
INFO: [ app_end ] --END-- [ RunTime:0.001577s ]

